# JRE version: Java(TM) SE Runtime Environment (8.0_144-b01) (build 1.8.0_144-b01)
# Java VM: Java HotSpot(TM) 64-Bit Server VM (25.144-b01 mixed mode windows-amd64 compressed oops)
Heap:
 PSYoungGen      total 797184K, used 638165K [0x0000000780980000, 0x00000007bd080000, 0x00000007c0000000)
  eden space 790528K, 79% used [0x0000000780980000,0x00000007a729b160,0x00000007b0d80000)
  from space 6656K, 93% used [0x00000007bca00000,0x00000007bd01a4a8,0x00000007bd080000)
  to   space 17408K, 0% used [0x00000007bae80000,0x00000007bae80000,0x00000007bbf80000)
 ParOldGen       total 114688K, used 54063K [0x0000000701c00000, 0x0000000708c00000, 0x0000000780980000)
  object space 114688K, 47% used [0x0000000701c00000,0x00000007050cbc78,0x0000000708c00000)
 Metaspace       used 79353K, capacity 85699K, committed 86320K, reserved 1124352K
  class space    used 9946K, capacity 11253K, committed 11392K, reserved 1048576K
GC Heap History (10 events):
Event: 56310.247 GC heap before
{Heap before GC invocations=69 (full 27):
 PSYoungGen      total 1011200K, used 1010766K [0x0000000780980000, 0x00000007bfe80000, 0x00000007c0000000)
  eden space 999424K, 100% used [0x0000000780980000,0x00000007bd980000,0x00000007bd980000)
  from space 11776K, 96% used [0x00000007bd980000,0x00000007be493b78,0x00000007be500000)
  to   space 18944K, 0% used [0x00000007bec00000,0x00000007bec00000,0x00000007bfe80000)
 ParOldGen       total 114688K, used 54063K [0x0000000701c00000, 0x0000000708c00000, 0x0000000780980000)
  object space 114688K, 47% used [0x0000000701c00000,0x00000007050cbc78,0x0000000708c00000)
 Metaspace       used 79353K, capacity 85699K, committed 86320K, reserved 1124352K
  class space    used 9946K, capacity 11253K, committed 11392K, reserved 1048576K
Event: 56310.255 GC heap after
Heap after GC invocations=69 (full 27):
 PSYoungGen      total 961024K, used 7273K [0x0000000780980000, 0x00000007bf380000, 0x00000007c0000000)
  eden space 953344K, 0% used [0x0000000780980000,0x0000000780980000,0x00000007bac80000)
  from space 7680K, 94% used [0x00000007bec00000,0x00000007bf31a4e8,0x00000007bf380000)
  to   space 18432K, 0% used [0x00000007bcf80000,0x00000007bcf80000,0x00000007be180000)
 ParOldGen       total 114688K, used 54063K [0x0000000701c00000, 0x0000000708c00000, 0x0000000780980000)
  object space 114688K, 47% used [0x0000000701c00000,0x00000007050cbc78,0x0000000708c00000)
 Metaspace       used 79353K, capacity 85699K, committed 86320K, reserved 1124352K
  class space    used 9946K, capacity 11253K, committed 11392K, reserved 1048576K
}
Event: 56863.284 GC heap before
{Heap before GC invocations=70 (full 27):
 PSYoungGen      total 961024K, used 960617K [0x0000000780980000, 0x00000007bf380000, 0x00000007c0000000)
  eden space 953344K, 100% used [0x0000000780980000,0x00000007bac80000,0x00000007bac80000)
  from space 7680K, 94% used [0x00000007bec00000,0x00000007bf31a4e8,0x00000007bf380000)
  to   space 18432K, 0% used [0x00000007bcf80000,0x00000007bcf80000,0x00000007be180000)
 ParOldGen       total 114688K, used 54063K [0x0000000701c00000, 0x0000000708c00000, 0x0000000780980000)
  object space 114688K, 47% used [0x0000000701c00000,0x00000007050cbc78,0x0000000708c00000)
 Metaspace       used 79353K, capacity 85699K, committed 86320K, reserved 1124352K
  class space    used 9946K, capacity 11253K, committed 11392K, reserved 1048576K
Event: 56863.291 GC heap after
Heap after GC invocations=70 (full 27):
 PSYoungGen      total 915968K, used 6297K [0x0000000780980000, 0x00000007bec80000, 0x00000007c0000000)
  eden space 909312K, 0% used [0x0000000780980000,0x0000000780980000,0x00000007b8180000)
  from space 6656K, 94% used [0x00000007bcf80000,0x00000007bd5a6498,0x00000007bd600000)
  to   space 18432K, 0% used [0x00000007bda80000,0x00000007bda80000,0x00000007bec80000)
 ParOldGen       total 114688K, used 54063K [0x0000000701c00000, 0x0000000708c00000, 0x0000000780980000)
  object space 114688K, 47% used [0x0000000701c00000,0x00000007050cbc78,0x0000000708c00000)
 Metaspace       used 79353K, capacity 85699K, committed 86320K, reserved 1124352K
  class space    used 9946K, capacity 11253K, committed 11392K, reserved 1048576K
}
Event: 57392.299 GC heap before
{Heap before GC invocations=71 (full 27):
 PSYoungGen      total 915968K, used 915609K [0x0000000780980000, 0x00000007bec80000, 0x00000007c0000000)
  eden space 909312K, 100% used [0x0000000780980000,0x00000007b8180000,0x00000007b8180000)
  from space 6656K, 94% used [0x00000007bcf80000,0x00000007bd5a6498,0x00000007bd600000)
  to   space 18432K, 0% used [0x00000007bda80000,0x00000007bda80000,0x00000007bec80000)
 ParOldGen       total 114688K, used 54063K [0x0000000701c00000, 0x0000000708c00000, 0x0000000780980000)
  object space 114688K, 47% used [0x0000000701c00000,0x00000007050cbc78,0x0000000708c00000)
 Metaspace       used 79353K, capacity 85699K, committed 86320K, reserved 1124352K
  class space    used 9946K, capacity 11253K, committed 11392K, reserved 1048576K
Event: 57392.311 GC heap after
Heap after GC invocations=71 (full 27):
 PSYoungGen      total 874496K, used 6409K [0x0000000780980000, 0x00000007be100000, 0x00000007c0000000)
  eden space 867840K, 0% used [0x0000000780980000,0x0000000780980000,0x00000007b5900000)
  from space 6656K, 96% used [0x00000007bda80000,0x00000007be0c24a8,0x00000007be100000)
  to   space 17920K, 0% used [0x00000007bbe00000,0x00000007bbe00000,0x00000007bcf80000)
 ParOldGen       total 114688K, used 54063K [0x0000000701c00000, 0x0000000708c00000, 0x0000000780980000)
  object space 114688K, 47% used [0x0000000701c00000,0x00000007050cbc78,0x0000000708c00000)
 Metaspace       used 79353K, capacity 85699K, committed 86320K, reserved 1124352K
  class space    used 9946K, capacity 11253K, committed 11392K, reserved 1048576K
}
Event: 57896.719 GC heap before
{Heap before GC invocations=72 (full 27):
 PSYoungGen      total 874496K, used 874249K [0x0000000780980000, 0x00000007be100000, 0x00000007c0000000)
  eden space 867840K, 100% used [0x0000000780980000,0x00000007b5900000,0x00000007b5900000)
  from space 6656K, 96% used [0x00000007bda80000,0x00000007be0c24a8,0x00000007be100000)
  to   space 17920K, 0% used [0x00000007bbe00000,0x00000007bbe00000,0x00000007bcf80000)
 ParOldGen       total 114688K, used 54063K [0x0000000701c00000, 0x0000000708c00000, 0x0000000780980000)
  object space 114688K, 47% used [0x0000000701c00000,0x00000007050cbc78,0x0000000708c00000)
 Metaspace       used 79353K, capacity 85699K, committed 86320K, reserved 1124352K
  class space    used 9946K, capacity 11253K, committed 11392K, reserved 1048576K
Event: 57896.730 GC heap after
Heap after GC invocations=72 (full 27):
 PSYoungGen      total 835072K, used 6249K [0x0000000780980000, 0x00000007bdb00000, 0x00000007c0000000)
  eden space 828416K, 0% used [0x0000000780980000,0x0000000780980000,0x00000007b3280000)
  from space 6656K, 93% used [0x00000007bbe00000,0x00000007bc41a4a8,0x00000007bc480000)
  to   space 17408K, 0% used [0x00000007bca00000,0x00000007bca00000,0x00000007bdb00000)
 ParOldGen       total 114688K, used 54063K [0x0000000701c00000, 0x0000000708c00000, 0x0000000780980000)
  object space 114688K, 47% used [0x0000000701c00000,0x00000007050cbc78,0x0000000708c00000)
 Metaspace       used 79353K, capacity 85699K, committed 86320K, reserved 1124352K
  class space    used 9946K, capacity 11253K, committed 11392K, reserved 1048576K
}
Event: 58378.395 GC heap before
{Heap before GC invocations=73 (full 27):
 PSYoungGen      total 835072K, used 834665K [0x0000000780980000, 0x00000007bdb00000, 0x00000007c0000000)
  eden space 828416K, 100% used [0x0000000780980000,0x00000007b3280000,0x00000007b3280000)
  from space 6656K, 93% used [0x00000007bbe00000,0x00000007bc41a4a8,0x00000007bc480000)
  to   space 17408K, 0% used [0x00000007bca00000,0x00000007bca00000,0x00000007bdb00000)
 ParOldGen       total 114688K, used 54063K [0x0000000701c00000, 0x0000000708c00000, 0x0000000780980000)
  object space 114688K, 47% used [0x0000000701c00000,0x00000007050cbc78,0x0000000708c00000)
 Metaspace       used 79353K, capacity 85699K, committed 86320K, reserved 1124352K
  class space    used 9946K, capacity 11253K, committed 11392K, reserved 1048576K
Event: 58378.408 GC heap after
Heap after GC invocations=73 (full 27):
 PSYoungGen      total 797184K, used 6249K [0x0000000780980000, 0x00000007bd080000, 0x00000007c0000000)
  eden space 790528K, 0% used [0x0000000780980000,0x0000000780980000,0x00000007b0d80000)
  from space 6656K, 93% used [0x00000007bca00000,0x00000007bd01a4a8,0x00000007bd080000)
  to   space 17408K, 0% used [0x00000007bae80000,0x00000007bae80000,0x00000007bbf80000)
 ParOldGen       total 114688K, used 54063K [0x0000000701c00000, 0x0000000708c00000, 0x0000000780980000)
  object space 114688K, 47% used [0x0000000701c00000,0x00000007050cbc78,0x0000000708c00000)
 Metaspace       used 79353K, capacity 85699K, committed 86320K, reserved 1124352K
  class space    used 9946K, capacity 11253K, committed 11392K, reserved 1048576K
}

