# JRE version: Java(TM) SE Runtime Environment (8.0_144-b01) (build 1.8.0_144-b01)
# Java VM: Java HotSpot(TM) 64-Bit Server VM (25.144-b01 mixed mode windows-amd64 compressed oops)
Heap:
 PSYoungGen      total 535552K, used 500668K [0x0000000780980000, 0x00000007b1780000, 0x00000007c0000000)
  eden space 515072K, 94% used [0x0000000780980000,0x000000079e672fb8,0x00000007a0080000)
  from space 20480K, 59% used [0x00000007a0080000,0x00000007a0c7c1b8,0x00000007a1480000)
  to   space 20480K, 0% used [0x00000007b0380000,0x00000007b0380000,0x00000007b1780000)
 ParOldGen       total 134656K, used 29092K [0x0000000701c00000, 0x0000000709f80000, 0x0000000780980000)
  object space 134656K, 21% used [0x0000000701c00000,0x0000000703869358,0x0000000709f80000)
 Metaspace       used 62207K, capacity 65359K, committed 65408K, reserved 1105920K
  class space    used 7925K, capacity 8534K, committed 8576K, reserved 1048576K
GC Heap History (10 events):
Event: 199.017 GC heap before
{Heap before GC invocations=13 (full 2):
 PSYoungGen      total 366592K, used 23494K [0x0000000780980000, 0x0000000798a00000, 0x00000007c0000000)
  eden space 351232K, 2% used [0x0000000780980000,0x0000000781175ec0,0x0000000796080000)
  from space 15360K, 99% used [0x0000000797b00000,0x00000007989fbbd8,0x0000000798a00000)
  to   space 19968K, 0% used [0x0000000796300000,0x0000000796300000,0x0000000797680000)
 ParOldGen       total 107520K, used 27062K [0x0000000701c00000, 0x0000000708500000, 0x0000000780980000)
  object space 107520K, 25% used [0x0000000701c00000,0x000000070366dbd0,0x0000000708500000)
 Metaspace       used 56452K, capacity 59106K, committed 59160K, reserved 1101824K
  class space    used 7297K, capacity 7782K, committed 7808K, reserved 1048576K
Event: 199.033 GC heap after
Heap after GC invocations=13 (full 2):
 PSYoungGen      total 373760K, used 486K [0x0000000780980000, 0x00000007a2880000, 0x00000007c0000000)
  eden space 353792K, 0% used [0x0000000780980000,0x0000000780980000,0x0000000796300000)
  from space 19968K, 2% used [0x0000000796300000,0x0000000796379ae8,0x0000000797680000)
  to   space 20480K, 0% used [0x00000007a1480000,0x00000007a1480000,0x00000007a2880000)
 ParOldGen       total 107520K, used 41703K [0x0000000701c00000, 0x0000000708500000, 0x0000000780980000)
  object space 107520K, 38% used [0x0000000701c00000,0x00000007044b9e90,0x0000000708500000)
 Metaspace       used 56452K, capacity 59106K, committed 59160K, reserved 1101824K
  class space    used 7297K, capacity 7782K, committed 7808K, reserved 1048576K
}
Event: 199.033 GC heap before
{Heap before GC invocations=14 (full 3):
 PSYoungGen      total 373760K, used 486K [0x0000000780980000, 0x00000007a2880000, 0x00000007c0000000)
  eden space 353792K, 0% used [0x0000000780980000,0x0000000780980000,0x0000000796300000)
  from space 19968K, 2% used [0x0000000796300000,0x0000000796379ae8,0x0000000797680000)
  to   space 20480K, 0% used [0x00000007a1480000,0x00000007a1480000,0x00000007a2880000)
 ParOldGen       total 107520K, used 41703K [0x0000000701c00000, 0x0000000708500000, 0x0000000780980000)
  object space 107520K, 38% used [0x0000000701c00000,0x00000007044b9e90,0x0000000708500000)
 Metaspace       used 56452K, capacity 59106K, committed 59160K, reserved 1101824K
  class space    used 7297K, capacity 7782K, committed 7808K, reserved 1048576K
Event: 199.218 GC heap after
Heap after GC invocations=14 (full 3):
 PSYoungGen      total 373760K, used 0K [0x0000000780980000, 0x00000007a2880000, 0x00000007c0000000)
  eden space 353792K, 0% used [0x0000000780980000,0x0000000780980000,0x0000000796300000)
  from space 19968K, 0% used [0x0000000796300000,0x0000000796300000,0x0000000797680000)
  to   space 20480K, 0% used [0x00000007a1480000,0x00000007a1480000,0x00000007a2880000)
 ParOldGen       total 134656K, used 26839K [0x0000000701c00000, 0x0000000709f80000, 0x0000000780980000)
  object space 134656K, 19% used [0x0000000701c00000,0x0000000703635f18,0x0000000709f80000)
 Metaspace       used 56422K, capacity 59058K, committed 59160K, reserved 1101824K
  class space    used 7293K, capacity 7774K, committed 7808K, reserved 1048576K
}
Event: 764.914 GC heap before
{Heap before GC invocations=15 (full 3):
 PSYoungGen      total 373760K, used 249472K [0x0000000780980000, 0x00000007a2880000, 0x00000007c0000000)
  eden space 353792K, 70% used [0x0000000780980000,0x000000078fd203c8,0x0000000796300000)
  from space 19968K, 0% used [0x0000000796300000,0x0000000796300000,0x0000000797680000)
  to   space 20480K, 0% used [0x00000007a1480000,0x00000007a1480000,0x00000007a2880000)
 ParOldGen       total 134656K, used 26839K [0x0000000701c00000, 0x0000000709f80000, 0x0000000780980000)
  object space 134656K, 19% used [0x0000000701c00000,0x0000000703635f18,0x0000000709f80000)
 Metaspace       used 61084K, capacity 63903K, committed 64256K, reserved 1105920K
  class space    used 7804K, capacity 8346K, committed 8448K, reserved 1048576K
Event: 764.920 GC heap after
Heap after GC invocations=15 (full 3):
 PSYoungGen      total 535552K, used 4272K [0x0000000780980000, 0x00000007a3880000, 0x00000007c0000000)
  eden space 515072K, 0% used [0x0000000780980000,0x0000000780980000,0x00000007a0080000)
  from space 20480K, 20% used [0x00000007a1480000,0x00000007a18ac050,0x00000007a2880000)
  to   space 20480K, 0% used [0x00000007a0080000,0x00000007a0080000,0x00000007a1480000)
 ParOldGen       total 134656K, used 26847K [0x0000000701c00000, 0x0000000709f80000, 0x0000000780980000)
  object space 134656K, 19% used [0x0000000701c00000,0x0000000703637f18,0x0000000709f80000)
 Metaspace       used 61084K, capacity 63903K, committed 64256K, reserved 1105920K
  class space    used 7804K, capacity 8346K, committed 8448K, reserved 1048576K
}
Event: 764.920 GC heap before
{Heap before GC invocations=16 (full 4):
 PSYoungGen      total 535552K, used 4272K [0x0000000780980000, 0x00000007a3880000, 0x00000007c0000000)
  eden space 515072K, 0% used [0x0000000780980000,0x0000000780980000,0x00000007a0080000)
  from space 20480K, 20% used [0x00000007a1480000,0x00000007a18ac050,0x00000007a2880000)
  to   space 20480K, 0% used [0x00000007a0080000,0x00000007a0080000,0x00000007a1480000)
 ParOldGen       total 134656K, used 26847K [0x0000000701c00000, 0x0000000709f80000, 0x0000000780980000)
  object space 134656K, 19% used [0x0000000701c00000,0x0000000703637f18,0x0000000709f80000)
 Metaspace       used 61084K, capacity 63903K, committed 64256K, reserved 1105920K
  class space    used 7804K, capacity 8346K, committed 8448K, reserved 1048576K
Event: 765.168 GC heap after
Heap after GC invocations=16 (full 4):
 PSYoungGen      total 535552K, used 0K [0x0000000780980000, 0x00000007a3880000, 0x00000007c0000000)
  eden space 515072K, 0% used [0x0000000780980000,0x0000000780980000,0x00000007a0080000)
  from space 20480K, 0% used [0x00000007a1480000,0x00000007a1480000,0x00000007a2880000)
  to   space 20480K, 0% used [0x00000007a0080000,0x00000007a0080000,0x00000007a1480000)
 ParOldGen       total 134656K, used 29084K [0x0000000701c00000, 0x0000000709f80000, 0x0000000780980000)
  object space 134656K, 21% used [0x0000000701c00000,0x0000000703867358,0x0000000709f80000)
 Metaspace       used 61084K, capacity 63903K, committed 64256K, reserved 1105920K
  class space    used 7804K, capacity 8346K, committed 8448K, reserved 1048576K
}
Event: 1346.272 GC heap before
{Heap before GC invocations=17 (full 4):
 PSYoungGen      total 535552K, used 515072K [0x0000000780980000, 0x00000007a3880000, 0x00000007c0000000)
  eden space 515072K, 100% used [0x0000000780980000,0x00000007a0080000,0x00000007a0080000)
  from space 20480K, 0% used [0x00000007a1480000,0x00000007a1480000,0x00000007a2880000)
  to   space 20480K, 0% used [0x00000007a0080000,0x00000007a0080000,0x00000007a1480000)
 ParOldGen       total 134656K, used 29084K [0x0000000701c00000, 0x0000000709f80000, 0x0000000780980000)
  object space 134656K, 21% used [0x0000000701c00000,0x0000000703867358,0x0000000709f80000)
 Metaspace       used 62205K, capacity 65359K, committed 65408K, reserved 1105920K
  class space    used 7924K, capacity 8534K, committed 8576K, reserved 1048576K
Event: 1346.309 GC heap after
Heap after GC invocations=17 (full 4):
 PSYoungGen      total 535552K, used 12272K [0x0000000780980000, 0x00000007b1780000, 0x00000007c0000000)
  eden space 515072K, 0% used [0x0000000780980000,0x0000000780980000,0x00000007a0080000)
  from space 20480K, 59% used [0x00000007a0080000,0x00000007a0c7c1b8,0x00000007a1480000)
  to   space 20480K, 0% used [0x00000007b0380000,0x00000007b0380000,0x00000007b1780000)
 ParOldGen       total 134656K, used 29092K [0x0000000701c00000, 0x0000000709f80000, 0x0000000780980000)
  object space 134656K, 21% used [0x0000000701c00000,0x0000000703869358,0x0000000709f80000)
 Metaspace       used 62205K, capacity 65359K, committed 65408K, reserved 1105920K
  class space    used 7924K, capacity 8534K, committed 8576K, reserved 1048576K
}

